<?xml version="1.0" encoding="UTF-8"?>
<testsuites name="Data Driven Book Test Suite" time="95.457" tests="5" failures="0" errors="0">
   <testsuite name="Data Driven Book Test Suite" tests="5" failures="0" errors="0" time="95.457" skipped="0" timestamp="26-10-2024T13:55:54" hostname="Ukhty - DESKTOP-IENTL1E" id="Test Suites/SOAL AUTOMATION WEB/Data Driven Book Test Suite">
      <properties>
         <property name="deviceName" value=""/>
         <property name="devicePlatform"/>
         <property name="logFolder" value="C:\\Users\\Ukhty\\git\\automationTestWeb\\Reports\\20241026_135524\\SOAL AUTOMATION WEB\\Data Driven Book Test Suite\\20241026_135524"/>
         <property name="logFiles" value="C:\\Users\\Ukhty\\git\\automationTestWeb\\Reports\\20241026_135524\\SOAL AUTOMATION WEB\\Data Driven Book Test Suite\\20241026_135524\\execution0.log"/>
         <property name="attachments" value=""/>
         <property name="hostName" value="Ukhty - DESKTOP-IENTL1E"/>
         <property name="os" value="Windows 11 64bit"/>
         <property name="katalonVersion" value="9.7.2.223"/>
         <property name="browser" value="Chrome 130.0.0.0"/>
         <property name="hostAddress" value="50.50.50.71"/>
         <property name="sessionId" value="dcec32d92215060b99aae4504cadd91c"/>
         <property name="seleniumVersion" value="3.141.59"/>
         <property name="proxyInformation" value="ProxyInformation { proxyOption=NO_PROXY, proxyServerType=HTTP, username=, password=********, proxyServerAddress=, proxyServerPort=0, executionList=&quot;&quot;, isApplyToDesiredCapabilities=true }"/>
         <property name="platform" value="Windows 11"/>
      </properties>
      <testcase name="Test Cases/SOAL AUTOMATION WEB/Login Positif Not Close" time="22.463" classname="Test Cases/SOAL AUTOMATION WEB/Login Positif Not Close" status="PASSED">
         <system-out><![CDATA[26-10-2024T13:55:54 - [TEST_CASE][PASSED] - Test Cases/SOAL AUTOMATION WEB/Login Positif Not Close: Test Cases/SOAL AUTOMATION WEB/Login Positif Not Close

26-10-2024T13:55:54 - [TEST_STEP][PASSED] - openBrowser(""): Browser is opened with url: ''

26-10-2024T13:55:55 - [MESSAGE][INFO] - Starting 'Chrome' driver

26-10-2024T13:55:55 - [MESSAGE][INFO] - Action delay is set to 0 milliseconds

26-10-2024T13:55:59 - [MESSAGE][PASSED] - Browser is opened with url: ''

26-10-2024T13:55:59 - [TEST_STEP][PASSED] - navigateToUrl("https://katalon-demo-cura.herokuapp.com/"): Navigate to 'https://katalon-demo-cura.herokuapp.com/' successfully

26-10-2024T13:56:10 - [MESSAGE][PASSED] - Navigate to 'https://katalon-demo-cura.herokuapp.com/' successfully

26-10-2024T13:56:10 - [TEST_STEP][PASSED] - click(findTestObject("Page_CURA Healthcare Service/a_Make Appointment")): Object: 'Object Repository/Page_CURA Healthcare Service/a_Make Appointment' is clicked on

26-10-2024T13:56:11 - [MESSAGE][PASSED] - Object: 'Object Repository/Page_CURA Healthcare Service/a_Make Appointment' is clicked on

26-10-2024T13:56:11 - [TEST_STEP][PASSED] - setText(findTestObject("Object Repository/Page_CURA Healthcare Service/input_Username_username"), "John Doe"): Text 'John Doe' is set on object 'Object Repository/Page_CURA Healthcare Service/input_Username_username'

26-10-2024T13:56:13 - [MESSAGE][PASSED] - Text 'John Doe' is set on object 'Object Repository/Page_CURA Healthcare Service/input_Username_username'

26-10-2024T13:56:13 - [TEST_STEP][PASSED] - setEncryptedText(findTestObject("Object Repository/Page_CURA Healthcare Service/input_Password_password"), "g3/DOGG74jC3Flrr3yH+3D/yKbOqqUNM"): Text ****** has been set on object 'Object Repository/Page_CURA Healthcare Service/input_Password_password'

26-10-2024T13:56:14 - [MESSAGE][PASSED] - Text ****** has been set on object 'Object Repository/Page_CURA Healthcare Service/input_Password_password'

26-10-2024T13:56:14 - [TEST_STEP][PASSED] - click(findTestObject("Object Repository/Page_CURA Healthcare Service/button_Login")): Object: 'Object Repository/Page_CURA Healthcare Service/button_Login' is clicked on

26-10-2024T13:56:16 - [MESSAGE][PASSED] - Object: 'Object Repository/Page_CURA Healthcare Service/button_Login' is clicked on

26-10-2024T13:56:16 - [TEST_STEP][PASSED] - boolElementExist = verifyElementVisible(findTestObject("Page_CURA Healthcare Service/h2_Make Appointment")): Object 'Object Repository/Page_CURA Healthcare Service/h2_Make Appointment' is visible

26-10-2024T13:56:16 - [MESSAGE][PASSED] - Object 'Object Repository/Page_CURA Healthcare Service/h2_Make Appointment' is visible

26-10-2024T13:56:16 - [TEST_STEP][PASSED] - if (boolElementExist): null

26-10-2024T13:56:16 - [TEST_STEP][PASSED] - out.println("Element Exist and Visible"): null]]></system-out>
         <system-err><![CDATA[]]></system-err>
      </testcase>
      <testcase name="Test Cases/SOAL AUTOMATION WEB/Book Is Exist" time="20.323" classname="Test Cases/SOAL AUTOMATION WEB/Book Is Exist" status="PASSED">
         <system-out><![CDATA[26-10-2024T13:56:17 - [TEST_CASE][PASSED] - Test Cases/SOAL AUTOMATION WEB/Book Is Exist: Test Cases/SOAL AUTOMATION WEB/Book Is Exist

26-10-2024T13:56:17 - [TEST_STEP][PASSED] - webDriver = getWebDriver(): null

26-10-2024T13:56:17 - [TEST_STEP][PASSED] - strXpathGoToHome = "//*/text()[normalize-space(.)='Go to Homepage']/parent::*": null

26-10-2024T13:56:17 - [TEST_STEP][PASSED] - intSizeGoToHome = xpath(strXpathGoToHome)).size(): null

26-10-2024T13:56:18 - [TEST_STEP][PASSED] - if (intSizeGoToHome > 0): null

26-10-2024T13:56:18 - [TEST_STEP][PASSED] - selectOptionByValue(findTestObject("Object Repository/Page_CURA Healthcare Service/select_Tokyo CURA Healthcare Center                            Hongkong CURA Healthcare Center                            Seoul CURA Healthcare Center"), strFacility, false): All options with value 'Tokyo CURA Healthcare Center' are selected in object 'Object Repository/Page_CURA Healthcare Service/select_Tokyo CURA Healthcare Center                            Hongkong CURA Healthcare Center                            Seoul CURA Healthcare Center' 

26-10-2024T13:56:19 - [MESSAGE][PASSED] - All options with value 'Tokyo CURA Healthcare Center' are selected in object 'Object Repository/Page_CURA Healthcare Service/select_Tokyo CURA Healthcare Center                            Hongkong CURA Healthcare Center                            Seoul CURA Healthcare Center' 

26-10-2024T13:56:19 - [TEST_STEP][PASSED] - click(findTestObject("Object Repository/Page_CURA Healthcare Service/label_Apply for hospital readmission")): Object: 'Object Repository/Page_CURA Healthcare Service/label_Apply for hospital readmission' is clicked on

26-10-2024T13:56:19 - [MESSAGE][PASSED] - Object: 'Object Repository/Page_CURA Healthcare Service/label_Apply for hospital readmission' is clicked on

26-10-2024T13:56:19 - [TEST_STEP][PASSED] - strXpathHealthProgram = "//label[normalize-space()='#']": null

26-10-2024T13:56:19 - [TEST_STEP][PASSED] - eleHealthProgram = webDriver.findElement(By.xpath(strXpathHealthProgram.replace("#", strHealthProgram))): null

26-10-2024T13:56:20 - [TEST_STEP][PASSED] - eleHealthProgram.click(): null

26-10-2024T13:56:20 - [TEST_STEP][PASSED] - setText(findTestObject("Object Repository/Page_CURA Healthcare Service/input_Visit Date (Required)_visit_date"), strVisitDate): Text '26/10/2024' is set on object 'Object Repository/Page_CURA Healthcare Service/input_Visit Date (Required)_visit_date'

26-10-2024T13:56:21 - [MESSAGE][PASSED] - Text '26/10/2024' is set on object 'Object Repository/Page_CURA Healthcare Service/input_Visit Date (Required)_visit_date'

26-10-2024T13:56:21 - [TEST_STEP][PASSED] - setText(findTestObject("Object Repository/Page_CURA Healthcare Service/textarea_Comment_comment"), strComment): Text 'Test 1' is set on object 'Object Repository/Page_CURA Healthcare Service/textarea_Comment_comment'

26-10-2024T13:56:22 - [MESSAGE][PASSED] - Text 'Test 1' is set on object 'Object Repository/Page_CURA Healthcare Service/textarea_Comment_comment'

26-10-2024T13:56:22 - [TEST_STEP][PASSED] - click(findTestObject("Object Repository/Page_CURA Healthcare Service/button_Book Appointment")): Object: 'Object Repository/Page_CURA Healthcare Service/button_Book Appointment' is clicked on

26-10-2024T13:56:25 - [MESSAGE][PASSED] - Object: 'Object Repository/Page_CURA Healthcare Service/button_Book Appointment' is clicked on

26-10-2024T13:56:25 - [TEST_STEP][PASSED] - verifyElementPresent(findTestObject("Object Repository/Page_CURA Healthcare Service/h2_Appointment Confirmation"), 0): Object 'Object Repository/Page_CURA Healthcare Service/h2_Appointment Confirmation' is present

26-10-2024T13:56:25 - [MESSAGE][WARNING] - Timeout '0' is invalid. Using default page load timeout: '30'

26-10-2024T13:56:25 - [MESSAGE][PASSED] - Object 'Object Repository/Page_CURA Healthcare Service/h2_Appointment Confirmation' is present

26-10-2024T13:56:25 - [TEST_STEP][PASSED] - openBrowser(""): Browser is opened with url: ''

26-10-2024T13:56:25 - [MESSAGE][WARNING] - A browser is already opened. Closing browser and opening a new one

26-10-2024T13:56:25 - [MESSAGE][INFO] - Starting 'Chrome' driver

26-10-2024T13:56:25 - [MESSAGE][INFO] - Action delay is set to 0 milliseconds

26-10-2024T13:56:27 - [MESSAGE][PASSED] - Browser is opened with url: ''

26-10-2024T13:56:27 - [TEST_STEP][PASSED] - navigateToUrl("https://katalon-demo-cura.herokuapp.com/"): Navigate to 'https://katalon-demo-cura.herokuapp.com/' successfully

26-10-2024T13:56:30 - [MESSAGE][PASSED] - Navigate to 'https://katalon-demo-cura.herokuapp.com/' successfully

26-10-2024T13:56:30 - [TEST_STEP][PASSED] - click(findTestObject("Object Repository/Page_CURA Healthcare Service/a_Make Appointment")): Object: 'Object Repository/Page_CURA Healthcare Service/a_Make Appointment' is clicked on

26-10-2024T13:56:31 - [MESSAGE][PASSED] - Object: 'Object Repository/Page_CURA Healthcare Service/a_Make Appointment' is clicked on

26-10-2024T13:56:31 - [TEST_STEP][PASSED] - doubleClick(findTestObject("Object Repository/Page_CURA Healthcare Service/input_Demo account_form-control")): Object: 'Object Repository/Page_CURA Healthcare Service/input_Demo account_form-control' is double clicked on

26-10-2024T13:56:32 - [MESSAGE][PASSED] - Object: 'Object Repository/Page_CURA Healthcare Service/input_Demo account_form-control' is double clicked on

26-10-2024T13:56:32 - [TEST_STEP][PASSED] - setText(findTestObject("Object Repository/Page_CURA Healthcare Service/input_Username_username"), "John Doe"): Text 'John Doe' is set on object 'Object Repository/Page_CURA Healthcare Service/input_Username_username'

26-10-2024T13:56:33 - [MESSAGE][PASSED] - Text 'John Doe' is set on object 'Object Repository/Page_CURA Healthcare Service/input_Username_username'

26-10-2024T13:56:33 - [TEST_STEP][PASSED] - setEncryptedText(findTestObject("Object Repository/Page_CURA Healthcare Service/input_Password_password"), "g3/DOGG74jC3Flrr3yH+3D/yKbOqqUNM"): Text ****** has been set on object 'Object Repository/Page_CURA Healthcare Service/input_Password_password'

26-10-2024T13:56:34 - [MESSAGE][PASSED] - Text ****** has been set on object 'Object Repository/Page_CURA Healthcare Service/input_Password_password'

26-10-2024T13:56:34 - [TEST_STEP][PASSED] - click(findTestObject("Object Repository/Page_CURA Healthcare Service/button_Login")): Object: 'Object Repository/Page_CURA Healthcare Service/button_Login' is clicked on

26-10-2024T13:56:35 - [MESSAGE][PASSED] - Object: 'Object Repository/Page_CURA Healthcare Service/button_Login' is clicked on

26-10-2024T13:56:35 - [TEST_STEP][PASSED] - click(findTestObject("Object Repository/Page_CURA Healthcare Service/h2_Make Appointment")): Object: 'Object Repository/Page_CURA Healthcare Service/h2_Make Appointment' is clicked on

26-10-2024T13:56:36 - [MESSAGE][PASSED] - Object: 'Object Repository/Page_CURA Healthcare Service/h2_Make Appointment' is clicked on

26-10-2024T13:56:36 - [TEST_STEP][PASSED] - doubleClick(findTestObject("Object Repository/Page_CURA Healthcare Service/h2_Make Appointment")): Object: 'Object Repository/Page_CURA Healthcare Service/h2_Make Appointment' is double clicked on

26-10-2024T13:56:36 - [MESSAGE][PASSED] - Object: 'Object Repository/Page_CURA Healthcare Service/h2_Make Appointment' is double clicked on

26-10-2024T13:56:36 - [TEST_STEP][PASSED] - click(findTestObject("Object Repository/Page_CURA Healthcare Service/h2_Make Appointment")): Object: 'Object Repository/Page_CURA Healthcare Service/h2_Make Appointment' is clicked on

26-10-2024T13:56:37 - [MESSAGE][PASSED] - Object: 'Object Repository/Page_CURA Healthcare Service/h2_Make Appointment' is clicked on]]></system-out>
         <system-err><![CDATA[]]></system-err>
      </testcase>
      <testcase name="Test Cases/SOAL AUTOMATION WEB/Book Is Exist" time="25.69" classname="Test Cases/SOAL AUTOMATION WEB/Book Is Exist" status="PASSED">
         <system-out><![CDATA[26-10-2024T13:56:37 - [TEST_CASE][PASSED] - Test Cases/SOAL AUTOMATION WEB/Book Is Exist: Test Cases/SOAL AUTOMATION WEB/Book Is Exist

26-10-2024T13:56:37 - [TEST_STEP][PASSED] - webDriver = getWebDriver(): null

26-10-2024T13:56:37 - [TEST_STEP][PASSED] - strXpathGoToHome = "//*/text()[normalize-space(.)='Go to Homepage']/parent::*": null

26-10-2024T13:56:37 - [TEST_STEP][PASSED] - intSizeGoToHome = xpath(strXpathGoToHome)).size(): null

26-10-2024T13:56:37 - [TEST_STEP][PASSED] - if (intSizeGoToHome > 0): null

26-10-2024T13:56:37 - [TEST_STEP][PASSED] - selectOptionByValue(findTestObject("Object Repository/Page_CURA Healthcare Service/select_Tokyo CURA Healthcare Center                            Hongkong CURA Healthcare Center                            Seoul CURA Healthcare Center"), strFacility, false): All options with value 'Hongkong CURA Healthcare Center' are selected in object 'Object Repository/Page_CURA Healthcare Service/select_Tokyo CURA Healthcare Center                            Hongkong CURA Healthcare Center                            Seoul CURA Healthcare Center' 

26-10-2024T13:56:38 - [MESSAGE][PASSED] - All options with value 'Hongkong CURA Healthcare Center' are selected in object 'Object Repository/Page_CURA Healthcare Service/select_Tokyo CURA Healthcare Center                            Hongkong CURA Healthcare Center                            Seoul CURA Healthcare Center' 

26-10-2024T13:56:38 - [TEST_STEP][PASSED] - click(findTestObject("Object Repository/Page_CURA Healthcare Service/label_Apply for hospital readmission")): Object: 'Object Repository/Page_CURA Healthcare Service/label_Apply for hospital readmission' is clicked on

26-10-2024T13:56:39 - [MESSAGE][PASSED] - Object: 'Object Repository/Page_CURA Healthcare Service/label_Apply for hospital readmission' is clicked on

26-10-2024T13:56:39 - [TEST_STEP][PASSED] - strXpathHealthProgram = "//label[normalize-space()='#']": null

26-10-2024T13:56:39 - [TEST_STEP][PASSED] - eleHealthProgram = webDriver.findElement(By.xpath(strXpathHealthProgram.replace("#", strHealthProgram))): null

26-10-2024T13:56:39 - [TEST_STEP][PASSED] - eleHealthProgram.click(): null

26-10-2024T13:56:39 - [TEST_STEP][PASSED] - setText(findTestObject("Object Repository/Page_CURA Healthcare Service/input_Visit Date (Required)_visit_date"), strVisitDate): Text '27/10/2024' is set on object 'Object Repository/Page_CURA Healthcare Service/input_Visit Date (Required)_visit_date'

26-10-2024T13:56:41 - [MESSAGE][PASSED] - Text '27/10/2024' is set on object 'Object Repository/Page_CURA Healthcare Service/input_Visit Date (Required)_visit_date'

26-10-2024T13:56:41 - [TEST_STEP][PASSED] - setText(findTestObject("Object Repository/Page_CURA Healthcare Service/textarea_Comment_comment"), strComment): Text 'Test 2' is set on object 'Object Repository/Page_CURA Healthcare Service/textarea_Comment_comment'

26-10-2024T13:56:42 - [MESSAGE][PASSED] - Text 'Test 2' is set on object 'Object Repository/Page_CURA Healthcare Service/textarea_Comment_comment'

26-10-2024T13:56:42 - [TEST_STEP][PASSED] - click(findTestObject("Object Repository/Page_CURA Healthcare Service/button_Book Appointment")): Object: 'Object Repository/Page_CURA Healthcare Service/button_Book Appointment' is clicked on

26-10-2024T13:56:45 - [MESSAGE][PASSED] - Object: 'Object Repository/Page_CURA Healthcare Service/button_Book Appointment' is clicked on

26-10-2024T13:56:45 - [TEST_STEP][PASSED] - verifyElementPresent(findTestObject("Object Repository/Page_CURA Healthcare Service/h2_Appointment Confirmation"), 0): Object 'Object Repository/Page_CURA Healthcare Service/h2_Appointment Confirmation' is present

26-10-2024T13:56:45 - [MESSAGE][WARNING] - Timeout '0' is invalid. Using default page load timeout: '30'

26-10-2024T13:56:45 - [MESSAGE][PASSED] - Object 'Object Repository/Page_CURA Healthcare Service/h2_Appointment Confirmation' is present

26-10-2024T13:56:45 - [TEST_STEP][PASSED] - openBrowser(""): Browser is opened with url: ''

26-10-2024T13:56:45 - [MESSAGE][WARNING] - A browser is already opened. Closing browser and opening a new one

26-10-2024T13:56:46 - [MESSAGE][INFO] - Starting 'Chrome' driver

26-10-2024T13:56:46 - [MESSAGE][INFO] - Action delay is set to 0 milliseconds

26-10-2024T13:56:47 - [MESSAGE][PASSED] - Browser is opened with url: ''

26-10-2024T13:56:47 - [TEST_STEP][PASSED] - navigateToUrl("https://katalon-demo-cura.herokuapp.com/"): Navigate to 'https://katalon-demo-cura.herokuapp.com/' successfully

26-10-2024T13:56:56 - [MESSAGE][PASSED] - Navigate to 'https://katalon-demo-cura.herokuapp.com/' successfully

26-10-2024T13:56:56 - [TEST_STEP][PASSED] - click(findTestObject("Object Repository/Page_CURA Healthcare Service/a_Make Appointment")): Object: 'Object Repository/Page_CURA Healthcare Service/a_Make Appointment' is clicked on

26-10-2024T13:56:57 - [MESSAGE][PASSED] - Object: 'Object Repository/Page_CURA Healthcare Service/a_Make Appointment' is clicked on

26-10-2024T13:56:57 - [TEST_STEP][PASSED] - doubleClick(findTestObject("Object Repository/Page_CURA Healthcare Service/input_Demo account_form-control")): Object: 'Object Repository/Page_CURA Healthcare Service/input_Demo account_form-control' is double clicked on

26-10-2024T13:56:58 - [MESSAGE][PASSED] - Object: 'Object Repository/Page_CURA Healthcare Service/input_Demo account_form-control' is double clicked on

26-10-2024T13:56:58 - [TEST_STEP][PASSED] - setText(findTestObject("Object Repository/Page_CURA Healthcare Service/input_Username_username"), "John Doe"): Text 'John Doe' is set on object 'Object Repository/Page_CURA Healthcare Service/input_Username_username'

26-10-2024T13:56:59 - [MESSAGE][PASSED] - Text 'John Doe' is set on object 'Object Repository/Page_CURA Healthcare Service/input_Username_username'

26-10-2024T13:56:59 - [TEST_STEP][PASSED] - setEncryptedText(findTestObject("Object Repository/Page_CURA Healthcare Service/input_Password_password"), "g3/DOGG74jC3Flrr3yH+3D/yKbOqqUNM"): Text ****** has been set on object 'Object Repository/Page_CURA Healthcare Service/input_Password_password'

26-10-2024T13:57:00 - [MESSAGE][PASSED] - Text ****** has been set on object 'Object Repository/Page_CURA Healthcare Service/input_Password_password'

26-10-2024T13:57:00 - [TEST_STEP][PASSED] - click(findTestObject("Object Repository/Page_CURA Healthcare Service/button_Login")): Object: 'Object Repository/Page_CURA Healthcare Service/button_Login' is clicked on

26-10-2024T13:57:01 - [MESSAGE][PASSED] - Object: 'Object Repository/Page_CURA Healthcare Service/button_Login' is clicked on

26-10-2024T13:57:01 - [TEST_STEP][PASSED] - click(findTestObject("Object Repository/Page_CURA Healthcare Service/h2_Make Appointment")): Object: 'Object Repository/Page_CURA Healthcare Service/h2_Make Appointment' is clicked on

26-10-2024T13:57:02 - [MESSAGE][PASSED] - Object: 'Object Repository/Page_CURA Healthcare Service/h2_Make Appointment' is clicked on

26-10-2024T13:57:02 - [TEST_STEP][PASSED] - doubleClick(findTestObject("Object Repository/Page_CURA Healthcare Service/h2_Make Appointment")): Object: 'Object Repository/Page_CURA Healthcare Service/h2_Make Appointment' is double clicked on

26-10-2024T13:57:02 - [MESSAGE][PASSED] - Object: 'Object Repository/Page_CURA Healthcare Service/h2_Make Appointment' is double clicked on

26-10-2024T13:57:02 - [TEST_STEP][PASSED] - click(findTestObject("Object Repository/Page_CURA Healthcare Service/h2_Make Appointment")): Object: 'Object Repository/Page_CURA Healthcare Service/h2_Make Appointment' is clicked on

26-10-2024T13:57:03 - [MESSAGE][PASSED] - Object: 'Object Repository/Page_CURA Healthcare Service/h2_Make Appointment' is clicked on]]></system-out>
         <system-err><![CDATA[]]></system-err>
      </testcase>
      <testcase name="Test Cases/SOAL AUTOMATION WEB/Book Is Exist" time="23.33" classname="Test Cases/SOAL AUTOMATION WEB/Book Is Exist" status="PASSED">
         <system-out><![CDATA[26-10-2024T13:57:03 - [TEST_CASE][PASSED] - Test Cases/SOAL AUTOMATION WEB/Book Is Exist: Test Cases/SOAL AUTOMATION WEB/Book Is Exist

26-10-2024T13:57:03 - [TEST_STEP][PASSED] - webDriver = getWebDriver(): null

26-10-2024T13:57:03 - [TEST_STEP][PASSED] - strXpathGoToHome = "//*/text()[normalize-space(.)='Go to Homepage']/parent::*": null

26-10-2024T13:57:03 - [TEST_STEP][PASSED] - intSizeGoToHome = xpath(strXpathGoToHome)).size(): null

26-10-2024T13:57:03 - [TEST_STEP][PASSED] - if (intSizeGoToHome > 0): null

26-10-2024T13:57:03 - [TEST_STEP][PASSED] - selectOptionByValue(findTestObject("Object Repository/Page_CURA Healthcare Service/select_Tokyo CURA Healthcare Center                            Hongkong CURA Healthcare Center                            Seoul CURA Healthcare Center"), strFacility, false): All options with value 'Seoul CURA Healthcare Center' are selected in object 'Object Repository/Page_CURA Healthcare Service/select_Tokyo CURA Healthcare Center                            Hongkong CURA Healthcare Center                            Seoul CURA Healthcare Center' 

26-10-2024T13:57:04 - [MESSAGE][PASSED] - All options with value 'Seoul CURA Healthcare Center' are selected in object 'Object Repository/Page_CURA Healthcare Service/select_Tokyo CURA Healthcare Center                            Hongkong CURA Healthcare Center                            Seoul CURA Healthcare Center' 

26-10-2024T13:57:04 - [TEST_STEP][PASSED] - click(findTestObject("Object Repository/Page_CURA Healthcare Service/label_Apply for hospital readmission")): Object: 'Object Repository/Page_CURA Healthcare Service/label_Apply for hospital readmission' is clicked on

26-10-2024T13:57:04 - [MESSAGE][PASSED] - Object: 'Object Repository/Page_CURA Healthcare Service/label_Apply for hospital readmission' is clicked on

26-10-2024T13:57:04 - [TEST_STEP][PASSED] - strXpathHealthProgram = "//label[normalize-space()='#']": null

26-10-2024T13:57:04 - [TEST_STEP][PASSED] - eleHealthProgram = webDriver.findElement(By.xpath(strXpathHealthProgram.replace("#", strHealthProgram))): null

26-10-2024T13:57:05 - [TEST_STEP][PASSED] - eleHealthProgram.click(): null

26-10-2024T13:57:05 - [TEST_STEP][PASSED] - setText(findTestObject("Object Repository/Page_CURA Healthcare Service/input_Visit Date (Required)_visit_date"), strVisitDate): Text '28/10/2024' is set on object 'Object Repository/Page_CURA Healthcare Service/input_Visit Date (Required)_visit_date'

26-10-2024T13:57:06 - [MESSAGE][PASSED] - Text '28/10/2024' is set on object 'Object Repository/Page_CURA Healthcare Service/input_Visit Date (Required)_visit_date'

26-10-2024T13:57:06 - [TEST_STEP][PASSED] - setText(findTestObject("Object Repository/Page_CURA Healthcare Service/textarea_Comment_comment"), strComment): Text 'Test 3' is set on object 'Object Repository/Page_CURA Healthcare Service/textarea_Comment_comment'

26-10-2024T13:57:07 - [MESSAGE][PASSED] - Text 'Test 3' is set on object 'Object Repository/Page_CURA Healthcare Service/textarea_Comment_comment'

26-10-2024T13:57:07 - [TEST_STEP][PASSED] - click(findTestObject("Object Repository/Page_CURA Healthcare Service/button_Book Appointment")): Object: 'Object Repository/Page_CURA Healthcare Service/button_Book Appointment' is clicked on

26-10-2024T13:57:13 - [MESSAGE][PASSED] - Object: 'Object Repository/Page_CURA Healthcare Service/button_Book Appointment' is clicked on

26-10-2024T13:57:13 - [TEST_STEP][PASSED] - verifyElementPresent(findTestObject("Object Repository/Page_CURA Healthcare Service/h2_Appointment Confirmation"), 0): Object 'Object Repository/Page_CURA Healthcare Service/h2_Appointment Confirmation' is present

26-10-2024T13:57:13 - [MESSAGE][WARNING] - Timeout '0' is invalid. Using default page load timeout: '30'

26-10-2024T13:57:13 - [MESSAGE][PASSED] - Object 'Object Repository/Page_CURA Healthcare Service/h2_Appointment Confirmation' is present

26-10-2024T13:57:13 - [TEST_STEP][PASSED] - openBrowser(""): Browser is opened with url: ''

26-10-2024T13:57:13 - [MESSAGE][WARNING] - A browser is already opened. Closing browser and opening a new one

26-10-2024T13:57:14 - [MESSAGE][INFO] - Starting 'Chrome' driver

26-10-2024T13:57:14 - [MESSAGE][INFO] - Action delay is set to 0 milliseconds

26-10-2024T13:57:15 - [MESSAGE][PASSED] - Browser is opened with url: ''

26-10-2024T13:57:15 - [TEST_STEP][PASSED] - navigateToUrl("https://katalon-demo-cura.herokuapp.com/"): Navigate to 'https://katalon-demo-cura.herokuapp.com/' successfully

26-10-2024T13:57:19 - [MESSAGE][PASSED] - Navigate to 'https://katalon-demo-cura.herokuapp.com/' successfully

26-10-2024T13:57:19 - [TEST_STEP][PASSED] - click(findTestObject("Object Repository/Page_CURA Healthcare Service/a_Make Appointment")): Object: 'Object Repository/Page_CURA Healthcare Service/a_Make Appointment' is clicked on

26-10-2024T13:57:21 - [MESSAGE][PASSED] - Object: 'Object Repository/Page_CURA Healthcare Service/a_Make Appointment' is clicked on

26-10-2024T13:57:21 - [TEST_STEP][PASSED] - doubleClick(findTestObject("Object Repository/Page_CURA Healthcare Service/input_Demo account_form-control")): Object: 'Object Repository/Page_CURA Healthcare Service/input_Demo account_form-control' is double clicked on

26-10-2024T13:57:21 - [MESSAGE][PASSED] - Object: 'Object Repository/Page_CURA Healthcare Service/input_Demo account_form-control' is double clicked on

26-10-2024T13:57:21 - [TEST_STEP][PASSED] - setText(findTestObject("Object Repository/Page_CURA Healthcare Service/input_Username_username"), "John Doe"): Text 'John Doe' is set on object 'Object Repository/Page_CURA Healthcare Service/input_Username_username'

26-10-2024T13:57:22 - [MESSAGE][PASSED] - Text 'John Doe' is set on object 'Object Repository/Page_CURA Healthcare Service/input_Username_username'

26-10-2024T13:57:22 - [TEST_STEP][PASSED] - setEncryptedText(findTestObject("Object Repository/Page_CURA Healthcare Service/input_Password_password"), "g3/DOGG74jC3Flrr3yH+3D/yKbOqqUNM"): Text ****** has been set on object 'Object Repository/Page_CURA Healthcare Service/input_Password_password'

26-10-2024T13:57:23 - [MESSAGE][PASSED] - Text ****** has been set on object 'Object Repository/Page_CURA Healthcare Service/input_Password_password'

26-10-2024T13:57:23 - [TEST_STEP][PASSED] - click(findTestObject("Object Repository/Page_CURA Healthcare Service/button_Login")): Object: 'Object Repository/Page_CURA Healthcare Service/button_Login' is clicked on

26-10-2024T13:57:25 - [MESSAGE][PASSED] - Object: 'Object Repository/Page_CURA Healthcare Service/button_Login' is clicked on

26-10-2024T13:57:25 - [TEST_STEP][PASSED] - click(findTestObject("Object Repository/Page_CURA Healthcare Service/h2_Make Appointment")): Object: 'Object Repository/Page_CURA Healthcare Service/h2_Make Appointment' is clicked on

26-10-2024T13:57:25 - [MESSAGE][PASSED] - Object: 'Object Repository/Page_CURA Healthcare Service/h2_Make Appointment' is clicked on

26-10-2024T13:57:25 - [TEST_STEP][PASSED] - doubleClick(findTestObject("Object Repository/Page_CURA Healthcare Service/h2_Make Appointment")): Object: 'Object Repository/Page_CURA Healthcare Service/h2_Make Appointment' is double clicked on

26-10-2024T13:57:26 - [MESSAGE][PASSED] - Object: 'Object Repository/Page_CURA Healthcare Service/h2_Make Appointment' is double clicked on

26-10-2024T13:57:26 - [TEST_STEP][PASSED] - click(findTestObject("Object Repository/Page_CURA Healthcare Service/h2_Make Appointment")): Object: 'Object Repository/Page_CURA Healthcare Service/h2_Make Appointment' is clicked on

26-10-2024T13:57:26 - [MESSAGE][PASSED] - Object: 'Object Repository/Page_CURA Healthcare Service/h2_Make Appointment' is clicked on]]></system-out>
         <system-err><![CDATA[]]></system-err>
      </testcase>
      <testcase name="Test Cases/SOAL AUTOMATION WEB/Logout" time="2.956" classname="Test Cases/SOAL AUTOMATION WEB/Logout" status="PASSED">
         <system-out><![CDATA[26-10-2024T13:57:26 - [TEST_CASE][PASSED] - Test Cases/SOAL AUTOMATION WEB/Logout: Test Cases/SOAL AUTOMATION WEB/Logout

26-10-2024T13:57:26 - [TEST_STEP][PASSED] - click(findTestObject("Page_CURA Healthcare Service/a_CURA Healthcare_menu-toggle")): Object: 'Object Repository/Page_CURA Healthcare Service/a_CURA Healthcare_menu-toggle' is clicked on

26-10-2024T13:57:27 - [MESSAGE][PASSED] - Object: 'Object Repository/Page_CURA Healthcare Service/a_CURA Healthcare_menu-toggle' is clicked on

26-10-2024T13:57:27 - [TEST_STEP][PASSED] - click(findTestObject("Page_CURA Healthcare Service/a_Logout")): Object: 'Object Repository/Page_CURA Healthcare Service/a_Logout' is clicked on

26-10-2024T13:57:29 - [MESSAGE][PASSED] - Object: 'Object Repository/Page_CURA Healthcare Service/a_Logout' is clicked on]]></system-out>
         <system-err><![CDATA[]]></system-err>
      </testcase>
      <system-out><![CDATA[26-10-2024T13:55:54 - [TEST_SUITE][PASSED] - Data Driven Book Test Suite: Test Cases/SOAL AUTOMATION WEB/Logout]]></system-out>
      <system-err><![CDATA[]]></system-err>
   </testsuite>
</testsuites>
