<?xml version="1.0" encoding="UTF-8"?>
<testsuites name="Test Suite Automation Login" time="29.714" tests="3" failures="0" errors="0">
   <testsuite name="Test Suite Automation Login" tests="3" failures="0" errors="0" time="29.714" skipped="0" timestamp="26-10-2024T11:04:56" hostname="Ukhty - DESKTOP-IENTL1E" id="Test Suites/Test Suite Automation Login">
      <properties>
         <property name="deviceName" value=""/>
         <property name="devicePlatform"/>
         <property name="logFolder" value="C:\\Users\\Ukhty\\git\\simpleKatalonTester\\Reports\\20241026_110449\\Test Suite Automation Login\\20241026_110450"/>
         <property name="logFiles" value="C:\\Users\\Ukhty\\git\\simpleKatalonTester\\Reports\\20241026_110449\\Test Suite Automation Login\\20241026_110450\\execution0.log"/>
         <property name="attachments" value=""/>
         <property name="hostName" value="Ukhty - DESKTOP-IENTL1E"/>
         <property name="os" value="Windows 11 64bit"/>
         <property name="katalonVersion" value="9.7.2.223"/>
         <property name="browser" value="Chrome 130.0.0.0"/>
         <property name="hostAddress" value="50.50.50.71"/>
         <property name="sessionId" value="54ee19b99eea1451704f6c7ea2b29122"/>
         <property name="seleniumVersion" value="3.141.59"/>
         <property name="proxyInformation" value="ProxyInformation { proxyOption=NO_PROXY, proxyServerType=HTTP, username=, password=********, proxyServerAddress=, proxyServerPort=0, executionList=&quot;&quot;, isApplyToDesiredCapabilities=true }"/>
         <property name="platform" value="Windows 11"/>
      </properties>
      <testcase name="Test Cases/SOAL AUTOMATION WEB/Login Negatif" time="12.221" classname="Test Cases/SOAL AUTOMATION WEB/Login Negatif" status="PASSED">
         <system-out><![CDATA[26-10-2024T11:04:56 - [TEST_CASE][PASSED] - Test Cases/SOAL AUTOMATION WEB/Login Negatif: Test Cases/SOAL AUTOMATION WEB/Login Negatif

26-10-2024T11:04:56 - [TEST_STEP][PASSED] - openBrowser(""): Browser is opened with url: ''

26-10-2024T11:04:57 - [MESSAGE][INFO] - Starting 'Chrome' driver

26-10-2024T11:04:57 - [MESSAGE][INFO] - Action delay is set to 0 milliseconds

26-10-2024T11:05:00 - [MESSAGE][PASSED] - Browser is opened with url: ''

26-10-2024T11:05:00 - [TEST_STEP][PASSED] - navigateToUrl("https://katalon-demo-cura.herokuapp.com/"): Navigate to 'https://katalon-demo-cura.herokuapp.com/' successfully

26-10-2024T11:05:01 - [MESSAGE][PASSED] - Navigate to 'https://katalon-demo-cura.herokuapp.com/' successfully

26-10-2024T11:05:01 - [TEST_STEP][PASSED] - click(findTestObject("Page_CURA Healthcare Service/a_Make Appointment")): Object: 'Object Repository/Page_CURA Healthcare Service/a_Make Appointment' is clicked on

26-10-2024T11:05:04 - [MESSAGE][PASSED] - Object: 'Object Repository/Page_CURA Healthcare Service/a_Make Appointment' is clicked on

26-10-2024T11:05:04 - [TEST_STEP][PASSED] - setText(findTestObject("Object Repository/Page_CURA Healthcare Service/Page_CURA Healthcare Service/input_Username_username"), strUserName): Text 'John' is set on object 'Object Repository/Page_CURA Healthcare Service/Page_CURA Healthcare Service/input_Username_username'

26-10-2024T11:05:05 - [MESSAGE][PASSED] - Text 'John' is set on object 'Object Repository/Page_CURA Healthcare Service/Page_CURA Healthcare Service/input_Username_username'

26-10-2024T11:05:05 - [TEST_STEP][PASSED] - setText(findTestObject("Object Repository/Page_CURA Healthcare Service/Page_CURA Healthcare Service/input_Password_password"), strPassword): Text 'ThisIsNotAPassword' is set on object 'Object Repository/Page_CURA Healthcare Service/Page_CURA Healthcare Service/input_Password_password'

26-10-2024T11:05:06 - [MESSAGE][PASSED] - Text 'ThisIsNotAPassword' is set on object 'Object Repository/Page_CURA Healthcare Service/Page_CURA Healthcare Service/input_Password_password'

26-10-2024T11:05:06 - [TEST_STEP][PASSED] - click(findTestObject("Object Repository/Page_CURA Healthcare Service/Page_CURA Healthcare Service/button_Login")): Object: 'Object Repository/Page_CURA Healthcare Service/Page_CURA Healthcare Service/button_Login' is clicked on

26-10-2024T11:05:07 - [MESSAGE][PASSED] - Object: 'Object Repository/Page_CURA Healthcare Service/Page_CURA Healthcare Service/button_Login' is clicked on

26-10-2024T11:05:07 - [TEST_STEP][PASSED] - boolElementExist = verifyElementVisible(findTestObject("Page_CURA Healthcare Service/Page_CURA Healthcare Service/p_Login failed Please ensure the username and password are valid")): Object 'Object Repository/Page_CURA Healthcare Service/Page_CURA Healthcare Service/p_Login failed Please ensure the username and password are valid' is visible

26-10-2024T11:05:08 - [MESSAGE][PASSED] - Object 'Object Repository/Page_CURA Healthcare Service/Page_CURA Healthcare Service/p_Login failed Please ensure the username and password are valid' is visible

26-10-2024T11:05:08 - [TEST_STEP][PASSED] - if (boolElementExist): null

26-10-2024T11:05:08 - [TEST_STEP][PASSED] - out.println("Login Negatif Passed - Login Failed"): null

26-10-2024T11:05:08 - [TEST_STEP][PASSED] - closeBrowser(): Browser is closed

26-10-2024T11:05:08 - [MESSAGE][PASSED] - Browser is closed]]></system-out>
         <system-err><![CDATA[]]></system-err>
      </testcase>
      <testcase name="Test Cases/SOAL AUTOMATION WEB/Login Negatif" time="8.522" classname="Test Cases/SOAL AUTOMATION WEB/Login Negatif" status="PASSED">
         <system-out><![CDATA[26-10-2024T11:05:08 - [TEST_CASE][PASSED] - Test Cases/SOAL AUTOMATION WEB/Login Negatif: Test Cases/SOAL AUTOMATION WEB/Login Negatif

26-10-2024T11:05:08 - [TEST_STEP][PASSED] - openBrowser(""): Browser is opened with url: ''

26-10-2024T11:05:08 - [MESSAGE][INFO] - Starting 'Chrome' driver

26-10-2024T11:05:08 - [MESSAGE][INFO] - Action delay is set to 0 milliseconds

26-10-2024T11:05:09 - [MESSAGE][PASSED] - Browser is opened with url: ''

26-10-2024T11:05:09 - [TEST_STEP][PASSED] - navigateToUrl("https://katalon-demo-cura.herokuapp.com/"): Navigate to 'https://katalon-demo-cura.herokuapp.com/' successfully

26-10-2024T11:05:12 - [MESSAGE][PASSED] - Navigate to 'https://katalon-demo-cura.herokuapp.com/' successfully

26-10-2024T11:05:12 - [TEST_STEP][PASSED] - click(findTestObject("Page_CURA Healthcare Service/a_Make Appointment")): Object: 'Object Repository/Page_CURA Healthcare Service/a_Make Appointment' is clicked on

26-10-2024T11:05:13 - [MESSAGE][PASSED] - Object: 'Object Repository/Page_CURA Healthcare Service/a_Make Appointment' is clicked on

26-10-2024T11:05:13 - [TEST_STEP][PASSED] - setText(findTestObject("Object Repository/Page_CURA Healthcare Service/Page_CURA Healthcare Service/input_Username_username"), strUserName): Text 'Riswan' is set on object 'Object Repository/Page_CURA Healthcare Service/Page_CURA Healthcare Service/input_Username_username'

26-10-2024T11:05:14 - [MESSAGE][PASSED] - Text 'Riswan' is set on object 'Object Repository/Page_CURA Healthcare Service/Page_CURA Healthcare Service/input_Username_username'

26-10-2024T11:05:14 - [TEST_STEP][PASSED] - setText(findTestObject("Object Repository/Page_CURA Healthcare Service/Page_CURA Healthcare Service/input_Password_password"), strPassword): Text 'ThisIsAPassword' is set on object 'Object Repository/Page_CURA Healthcare Service/Page_CURA Healthcare Service/input_Password_password'

26-10-2024T11:05:15 - [MESSAGE][PASSED] - Text 'ThisIsAPassword' is set on object 'Object Repository/Page_CURA Healthcare Service/Page_CURA Healthcare Service/input_Password_password'

26-10-2024T11:05:15 - [TEST_STEP][PASSED] - click(findTestObject("Object Repository/Page_CURA Healthcare Service/Page_CURA Healthcare Service/button_Login")): Object: 'Object Repository/Page_CURA Healthcare Service/Page_CURA Healthcare Service/button_Login' is clicked on

26-10-2024T11:05:16 - [MESSAGE][PASSED] - Object: 'Object Repository/Page_CURA Healthcare Service/Page_CURA Healthcare Service/button_Login' is clicked on

26-10-2024T11:05:16 - [TEST_STEP][PASSED] - boolElementExist = verifyElementVisible(findTestObject("Page_CURA Healthcare Service/Page_CURA Healthcare Service/p_Login failed Please ensure the username and password are valid")): Object 'Object Repository/Page_CURA Healthcare Service/Page_CURA Healthcare Service/p_Login failed Please ensure the username and password are valid' is visible

26-10-2024T11:05:16 - [MESSAGE][PASSED] - Object 'Object Repository/Page_CURA Healthcare Service/Page_CURA Healthcare Service/p_Login failed Please ensure the username and password are valid' is visible

26-10-2024T11:05:16 - [TEST_STEP][PASSED] - if (boolElementExist): null

26-10-2024T11:05:16 - [TEST_STEP][PASSED] - out.println("Login Negatif Passed - Login Failed"): null

26-10-2024T11:05:16 - [TEST_STEP][PASSED] - closeBrowser(): Browser is closed

26-10-2024T11:05:17 - [MESSAGE][PASSED] - Browser is closed]]></system-out>
         <system-err><![CDATA[]]></system-err>
      </testcase>
      <testcase name="Test Cases/SOAL AUTOMATION WEB/Login Negatif" time="8.567" classname="Test Cases/SOAL AUTOMATION WEB/Login Negatif" status="PASSED">
         <system-out><![CDATA[26-10-2024T11:05:17 - [TEST_CASE][PASSED] - Test Cases/SOAL AUTOMATION WEB/Login Negatif: Test Cases/SOAL AUTOMATION WEB/Login Negatif

26-10-2024T11:05:17 - [TEST_STEP][PASSED] - openBrowser(""): Browser is opened with url: ''

26-10-2024T11:05:17 - [MESSAGE][INFO] - Starting 'Chrome' driver

26-10-2024T11:05:17 - [MESSAGE][INFO] - Action delay is set to 0 milliseconds

26-10-2024T11:05:18 - [MESSAGE][PASSED] - Browser is opened with url: ''

26-10-2024T11:05:18 - [TEST_STEP][PASSED] - navigateToUrl("https://katalon-demo-cura.herokuapp.com/"): Navigate to 'https://katalon-demo-cura.herokuapp.com/' successfully

26-10-2024T11:05:21 - [MESSAGE][PASSED] - Navigate to 'https://katalon-demo-cura.herokuapp.com/' successfully

26-10-2024T11:05:21 - [TEST_STEP][PASSED] - click(findTestObject("Page_CURA Healthcare Service/a_Make Appointment")): Object: 'Object Repository/Page_CURA Healthcare Service/a_Make Appointment' is clicked on

26-10-2024T11:05:22 - [MESSAGE][PASSED] - Object: 'Object Repository/Page_CURA Healthcare Service/a_Make Appointment' is clicked on

26-10-2024T11:05:22 - [TEST_STEP][PASSED] - setText(findTestObject("Object Repository/Page_CURA Healthcare Service/Page_CURA Healthcare Service/input_Username_username"), strUserName): Text 'Ibrahim' is set on object 'Object Repository/Page_CURA Healthcare Service/Page_CURA Healthcare Service/input_Username_username'

26-10-2024T11:05:22 - [MESSAGE][PASSED] - Text 'Ibrahim' is set on object 'Object Repository/Page_CURA Healthcare Service/Page_CURA Healthcare Service/input_Username_username'

26-10-2024T11:05:22 - [TEST_STEP][PASSED] - setText(findTestObject("Object Repository/Page_CURA Healthcare Service/Page_CURA Healthcare Service/input_Password_password"), strPassword): Text 'NotPassword' is set on object 'Object Repository/Page_CURA Healthcare Service/Page_CURA Healthcare Service/input_Password_password'

26-10-2024T11:05:23 - [MESSAGE][PASSED] - Text 'NotPassword' is set on object 'Object Repository/Page_CURA Healthcare Service/Page_CURA Healthcare Service/input_Password_password'

26-10-2024T11:05:23 - [TEST_STEP][PASSED] - click(findTestObject("Object Repository/Page_CURA Healthcare Service/Page_CURA Healthcare Service/button_Login")): Object: 'Object Repository/Page_CURA Healthcare Service/Page_CURA Healthcare Service/button_Login' is clicked on

26-10-2024T11:05:25 - [MESSAGE][PASSED] - Object: 'Object Repository/Page_CURA Healthcare Service/Page_CURA Healthcare Service/button_Login' is clicked on

26-10-2024T11:05:25 - [TEST_STEP][PASSED] - boolElementExist = verifyElementVisible(findTestObject("Page_CURA Healthcare Service/Page_CURA Healthcare Service/p_Login failed Please ensure the username and password are valid")): Object 'Object Repository/Page_CURA Healthcare Service/Page_CURA Healthcare Service/p_Login failed Please ensure the username and password are valid' is visible

26-10-2024T11:05:25 - [MESSAGE][PASSED] - Object 'Object Repository/Page_CURA Healthcare Service/Page_CURA Healthcare Service/p_Login failed Please ensure the username and password are valid' is visible

26-10-2024T11:05:25 - [TEST_STEP][PASSED] - if (boolElementExist): null

26-10-2024T11:05:25 - [TEST_STEP][PASSED] - out.println("Login Negatif Passed - Login Failed"): null

26-10-2024T11:05:25 - [TEST_STEP][PASSED] - closeBrowser(): Browser is closed

26-10-2024T11:05:25 - [MESSAGE][PASSED] - Browser is closed]]></system-out>
         <system-err><![CDATA[]]></system-err>
      </testcase>
      <system-out><![CDATA[26-10-2024T11:04:56 - [TEST_SUITE][PASSED] - Test Suite Automation Login: Test Cases/SOAL AUTOMATION WEB/Login Negatif]]></system-out>
      <system-err><![CDATA[]]></system-err>
   </testsuite>
</testsuites>
