<?xml version="1.0" encoding="UTF-8"?>
<testsuites name="Book Test Suite" time="26.683" tests="3" failures="0" errors="0">
   <testsuite name="Book Test Suite" tests="3" failures="0" errors="0" time="26.683" skipped="0" timestamp="21-10-2024T06:55:06" hostname="Ukhty - DESKTOP-IENTL1E" id="Test Suites/First Test Suites/Book Test Suite">
      <properties>
         <property name="deviceName" value=""/>
         <property name="devicePlatform"/>
         <property name="logFolder" value="C:\\Users\\Ukhty\\git\\simpleKatalonTester\\Reports\\20241021_065502\\First Test Suites\\Book Test Suite\\20241021_065502"/>
         <property name="logFiles" value="C:\\Users\\Ukhty\\git\\simpleKatalonTester\\Reports\\20241021_065502\\First Test Suites\\Book Test Suite\\20241021_065502\\execution0.log"/>
         <property name="attachments" value=""/>
         <property name="hostName" value="Ukhty - DESKTOP-IENTL1E"/>
         <property name="os" value="Windows 11 64bit"/>
         <property name="katalonVersion" value="9.7.2.223"/>
         <property name="browser" value="Chrome 129.0.0.0"/>
         <property name="hostAddress" value="50.50.51.36"/>
         <property name="sessionId" value="89e8acb0512971bd3b907a64f2cbd3fe"/>
         <property name="seleniumVersion" value="3.141.59"/>
         <property name="proxyInformation" value="ProxyInformation { proxyOption=NO_PROXY, proxyServerType=HTTP, username=, password=********, proxyServerAddress=, proxyServerPort=0, executionList=&quot;&quot;, isApplyToDesiredCapabilities=true }"/>
         <property name="platform" value="Windows 11"/>
      </properties>
      <testcase name="Test Cases/First Test/Login" time="15.843" classname="Test Cases/First Test/Login" status="PASSED">
         <system-out><![CDATA[21-10-2024T06:55:06 - [TEST_CASE][PASSED] - Test Cases/First Test/Login: Test Cases/First Test/Login

21-10-2024T06:55:06 - [TEST_STEP][PASSED] - openBrowser("https://katalon-demo-cura.herokuapp.com/"): Browser is opened with url: 'https://katalon-demo-cura.herokuapp.com/'

21-10-2024T06:55:06 - [MESSAGE][INFO] - Starting 'Chrome' driver

21-10-2024T06:55:06 - [MESSAGE][INFO] - Action delay is set to 0 milliseconds

21-10-2024T06:55:18 - [MESSAGE][PASSED] - Browser is opened with url: 'https://katalon-demo-cura.herokuapp.com/'

21-10-2024T06:55:18 - [TEST_STEP][PASSED] - maximizeWindow(): Current window maximized

21-10-2024T06:55:18 - [MESSAGE][PASSED] - Current window maximized

21-10-2024T06:55:18 - [TEST_STEP][PASSED] - click(findTestObject("Page_CURA Healthcare Service/a_Make Appointment")): Object: 'Object Repository/Page_CURA Healthcare Service/a_Make Appointment' is clicked on

21-10-2024T06:55:19 - [MESSAGE][PASSED] - Object: 'Object Repository/Page_CURA Healthcare Service/a_Make Appointment' is clicked on

21-10-2024T06:55:19 - [TEST_STEP][PASSED] - setText(findTestObject("Page_CURA Healthcare Service/input_Username_username"), "John Doe"): Text 'John Doe' is set on object 'Object Repository/Page_CURA Healthcare Service/input_Username_username'

21-10-2024T06:55:20 - [MESSAGE][PASSED] - Text 'John Doe' is set on object 'Object Repository/Page_CURA Healthcare Service/input_Username_username'

21-10-2024T06:55:20 - [TEST_STEP][PASSED] - setEncryptedText(findTestObject("Page_CURA Healthcare Service/input_Password_password"), "g3/DOGG74jC3Flrr3yH+3D/yKbOqqUNM"): Text ****** has been set on object 'Object Repository/Page_CURA Healthcare Service/input_Password_password'

21-10-2024T06:55:21 - [MESSAGE][PASSED] - Text ****** has been set on object 'Object Repository/Page_CURA Healthcare Service/input_Password_password'

21-10-2024T06:55:21 - [TEST_STEP][PASSED] - click(findTestObject("Page_CURA Healthcare Service/btnLoginMyFirstTry")): Object: 'Object Repository/Page_CURA Healthcare Service/btnLoginMyFirstTry' is clicked on

21-10-2024T06:55:22 - [MESSAGE][PASSED] - Object: 'Object Repository/Page_CURA Healthcare Service/btnLoginMyFirstTry' is clicked on]]></system-out>
         <system-err><![CDATA[]]></system-err>
      </testcase>
      <testcase name="Test Cases/First Test/Book" time="6.388" classname="Test Cases/First Test/Book" status="PASSED">
         <system-out><![CDATA[21-10-2024T06:55:22 - [TEST_CASE][PASSED] - Test Cases/First Test/Book: Test Cases/First Test/Book

21-10-2024T06:55:22 - [TEST_STEP][PASSED] - selectOptionByValue(findTestObject("Page_CURA Healthcare Service/select_Tokyo CURA Healthcare Center                            Hongkong CURA Healthcare Center                            Seoul CURA Healthcare Center"), "Hongkong CURA Healthcare Center", false): All options with value 'Hongkong CURA Healthcare Center' are selected in object 'Object Repository/Page_CURA Healthcare Service/select_Tokyo CURA Healthcare Center                            Hongkong CURA Healthcare Center                            Seoul CURA Healthcare Center' 

21-10-2024T06:55:23 - [MESSAGE][PASSED] - All options with value 'Hongkong CURA Healthcare Center' are selected in object 'Object Repository/Page_CURA Healthcare Service/select_Tokyo CURA Healthcare Center                            Hongkong CURA Healthcare Center                            Seoul CURA Healthcare Center' 

21-10-2024T06:55:23 - [TEST_STEP][PASSED] - click(findTestObject("Page_CURA Healthcare Service/label_Apply for hospital readmission")): Object: 'Object Repository/Page_CURA Healthcare Service/label_Apply for hospital readmission' is clicked on

21-10-2024T06:55:23 - [MESSAGE][PASSED] - Object: 'Object Repository/Page_CURA Healthcare Service/label_Apply for hospital readmission' is clicked on

21-10-2024T06:55:23 - [TEST_STEP][PASSED] - check(findTestObject("Page_CURA Healthcare Service/label_Medicaid")): Object 'Object Repository/Page_CURA Healthcare Service/label_Medicaid' is checked

21-10-2024T06:55:23 - [MESSAGE][PASSED] - Object 'Object Repository/Page_CURA Healthcare Service/label_Medicaid' is checked

21-10-2024T06:55:23 - [TEST_STEP][PASSED] - setText(findTestObject("Page_CURA Healthcare Service/input_Visit Date (Required)_visit_date"), "30/10/2024"): Text '30/10/2024' is set on object 'Object Repository/Page_CURA Healthcare Service/input_Visit Date (Required)_visit_date'

21-10-2024T06:55:24 - [MESSAGE][PASSED] - Text '30/10/2024' is set on object 'Object Repository/Page_CURA Healthcare Service/input_Visit Date (Required)_visit_date'

21-10-2024T06:55:24 - [TEST_STEP][PASSED] - setText(findTestObject("Page_CURA Healthcare Service/textarea_Comment_comment"), "Try Automation"): Text 'Try Automation' is set on object 'Object Repository/Page_CURA Healthcare Service/textarea_Comment_comment'

21-10-2024T06:55:25 - [MESSAGE][PASSED] - Text 'Try Automation' is set on object 'Object Repository/Page_CURA Healthcare Service/textarea_Comment_comment'

21-10-2024T06:55:25 - [TEST_STEP][PASSED] - click(findTestObject("Page_CURA Healthcare Service/button_Book Appointment")): Object: 'Object Repository/Page_CURA Healthcare Service/button_Book Appointment' is clicked on

21-10-2024T06:55:28 - [MESSAGE][PASSED] - Object: 'Object Repository/Page_CURA Healthcare Service/button_Book Appointment' is clicked on

21-10-2024T06:55:28 - [TEST_STEP][PASSED] - verifyElementPresent(findTestObject("Page_CURA Healthcare Service/h2_Appointment Confirmation"), 0): Object 'Object Repository/Page_CURA Healthcare Service/h2_Appointment Confirmation' is present

21-10-2024T06:55:28 - [MESSAGE][WARNING] - Timeout '0' is invalid. Using default page load timeout: '30'

21-10-2024T06:55:28 - [MESSAGE][PASSED] - Object 'Object Repository/Page_CURA Healthcare Service/h2_Appointment Confirmation' is present]]></system-out>
         <system-err><![CDATA[]]></system-err>
      </testcase>
      <testcase name="Test Cases/First Test/Logout" time="4.242" classname="Test Cases/First Test/Logout" status="PASSED">
         <system-out><![CDATA[21-10-2024T06:55:28 - [TEST_CASE][PASSED] - Test Cases/First Test/Logout: Test Cases/First Test/Logout

21-10-2024T06:55:28 - [TEST_STEP][PASSED] - click(findTestObject("Page_CURA Healthcare Service/a_CURA Healthcare_menu-toggle")): Object: 'Object Repository/Page_CURA Healthcare Service/a_CURA Healthcare_menu-toggle' is clicked on

21-10-2024T06:55:28 - [MESSAGE][PASSED] - Object: 'Object Repository/Page_CURA Healthcare Service/a_CURA Healthcare_menu-toggle' is clicked on

21-10-2024T06:55:28 - [TEST_STEP][PASSED] - click(findTestObject("Page_CURA Healthcare Service/a_Logout")): Object: 'Object Repository/Page_CURA Healthcare Service/a_Logout' is clicked on

21-10-2024T06:55:32 - [MESSAGE][PASSED] - Object: 'Object Repository/Page_CURA Healthcare Service/a_Logout' is clicked on]]></system-out>
         <system-err><![CDATA[]]></system-err>
      </testcase>
      <system-out><![CDATA[21-10-2024T06:55:06 - [TEST_SUITE][PASSED] - Book Test Suite: Test Cases/First Test/Logout]]></system-out>
      <system-err><![CDATA[]]></system-err>
   </testsuite>
</testsuites>
