<?xml version="1.0" encoding="UTF-8"?>
<testsuites name="Test Suite Automation Login" time="46.901" tests="3" failures="0" errors="0">
   <testsuite name="Test Suite Automation Login" tests="3" failures="0" errors="0" time="46.901" skipped="0" timestamp="26-10-2024T14:04:28" hostname="Ukhty - DESKTOP-IENTL1E" id="Test Suites/SOAL AUTOMATION WEB/Test Suite Automation Login">
      <properties>
         <property name="deviceName" value=""/>
         <property name="devicePlatform"/>
         <property name="logFolder" value="C:\\Users\\Ukhty\\git\\automationTestWeb\\Reports\\20241026_140421\\SOAL AUTOMATION WEB\\Test Suite Automation Login\\20241026_140421"/>
         <property name="logFiles" value="C:\\Users\\Ukhty\\git\\automationTestWeb\\Reports\\20241026_140421\\SOAL AUTOMATION WEB\\Test Suite Automation Login\\20241026_140421\\execution0.log"/>
         <property name="attachments" value=""/>
         <property name="hostName" value="Ukhty - DESKTOP-IENTL1E"/>
         <property name="os" value="Windows 11 64bit"/>
         <property name="katalonVersion" value="9.7.2.223"/>
         <property name="browser" value="Chrome 130.0.0.0"/>
         <property name="hostAddress" value="50.50.50.71"/>
         <property name="sessionId" value="b67478f6aeb6e2bd7d581cf949e1a7f9"/>
         <property name="seleniumVersion" value="3.141.59"/>
         <property name="proxyInformation" value="ProxyInformation { proxyOption=NO_PROXY, proxyServerType=HTTP, username=, password=********, proxyServerAddress=, proxyServerPort=0, executionList=&quot;&quot;, isApplyToDesiredCapabilities=true }"/>
         <property name="platform" value="Windows 11"/>
      </properties>
      <testcase name="Test Cases/SOAL AUTOMATION WEB/Login Negatif" time="14.538" classname="Test Cases/SOAL AUTOMATION WEB/Login Negatif" status="PASSED">
         <system-out><![CDATA[26-10-2024T14:04:28 - [TEST_CASE][PASSED] - Test Cases/SOAL AUTOMATION WEB/Login Negatif: Test Cases/SOAL AUTOMATION WEB/Login Negatif

26-10-2024T14:04:29 - [TEST_STEP][PASSED] - openBrowser(""): Browser is opened with url: ''

26-10-2024T14:04:29 - [MESSAGE][INFO] - Starting 'Chrome' driver

26-10-2024T14:04:30 - [MESSAGE][INFO] - Action delay is set to 0 milliseconds

26-10-2024T14:04:32 - [MESSAGE][PASSED] - Browser is opened with url: ''

26-10-2024T14:04:32 - [TEST_STEP][PASSED] - navigateToUrl("https://katalon-demo-cura.herokuapp.com/"): Navigate to 'https://katalon-demo-cura.herokuapp.com/' successfully

26-10-2024T14:04:36 - [MESSAGE][PASSED] - Navigate to 'https://katalon-demo-cura.herokuapp.com/' successfully

26-10-2024T14:04:36 - [TEST_STEP][PASSED] - click(findTestObject("Page_CURA Healthcare Service/a_Make Appointment")): Object: 'Object Repository/Page_CURA Healthcare Service/a_Make Appointment' is clicked on

26-10-2024T14:04:39 - [MESSAGE][PASSED] - Object: 'Object Repository/Page_CURA Healthcare Service/a_Make Appointment' is clicked on

26-10-2024T14:04:39 - [TEST_STEP][PASSED] - setText(findTestObject("Object Repository/Page_CURA Healthcare Service/input_Username_username"), strUserName): Text 'John' is set on object 'Object Repository/Page_CURA Healthcare Service/input_Username_username'

26-10-2024T14:04:40 - [MESSAGE][PASSED] - Text 'John' is set on object 'Object Repository/Page_CURA Healthcare Service/input_Username_username'

26-10-2024T14:04:40 - [TEST_STEP][PASSED] - setText(findTestObject("Object Repository/Page_CURA Healthcare Service/input_Password_password"), strPassword): Text 'ThisIsNotAPassword' is set on object 'Object Repository/Page_CURA Healthcare Service/input_Password_password'

26-10-2024T14:04:41 - [MESSAGE][PASSED] - Text 'ThisIsNotAPassword' is set on object 'Object Repository/Page_CURA Healthcare Service/input_Password_password'

26-10-2024T14:04:41 - [TEST_STEP][PASSED] - click(findTestObject("Object Repository/Page_CURA Healthcare Service/button_Login")): Object: 'Object Repository/Page_CURA Healthcare Service/button_Login' is clicked on

26-10-2024T14:04:42 - [MESSAGE][PASSED] - Object: 'Object Repository/Page_CURA Healthcare Service/button_Login' is clicked on

26-10-2024T14:04:42 - [TEST_STEP][PASSED] - boolElementExist = verifyElementVisible(findTestObject("Page_CURA Healthcare Service/p_Login failed Please ensure the username and password are valid")): Object 'Object Repository/Page_CURA Healthcare Service/p_Login failed Please ensure the username and password are valid' is visible

26-10-2024T14:04:42 - [MESSAGE][PASSED] - Object 'Object Repository/Page_CURA Healthcare Service/p_Login failed Please ensure the username and password are valid' is visible

26-10-2024T14:04:42 - [TEST_STEP][PASSED] - if (boolElementExist): null

26-10-2024T14:04:43 - [TEST_STEP][PASSED] - out.println("Login Negatif Passed - Login Failed"): null

26-10-2024T14:04:43 - [TEST_STEP][PASSED] - closeBrowser(): Browser is closed

26-10-2024T14:04:43 - [MESSAGE][PASSED] - Browser is closed]]></system-out>
         <system-err><![CDATA[]]></system-err>
      </testcase>
      <testcase name="Test Cases/SOAL AUTOMATION WEB/Login Negatif" time="15.299" classname="Test Cases/SOAL AUTOMATION WEB/Login Negatif" status="PASSED">
         <system-out><![CDATA[26-10-2024T14:04:43 - [TEST_CASE][PASSED] - Test Cases/SOAL AUTOMATION WEB/Login Negatif: Test Cases/SOAL AUTOMATION WEB/Login Negatif

26-10-2024T14:04:43 - [TEST_STEP][PASSED] - openBrowser(""): Browser is opened with url: ''

26-10-2024T14:04:43 - [MESSAGE][INFO] - Starting 'Chrome' driver

26-10-2024T14:04:43 - [MESSAGE][INFO] - Action delay is set to 0 milliseconds

26-10-2024T14:04:44 - [MESSAGE][PASSED] - Browser is opened with url: ''

26-10-2024T14:04:44 - [TEST_STEP][PASSED] - navigateToUrl("https://katalon-demo-cura.herokuapp.com/"): Navigate to 'https://katalon-demo-cura.herokuapp.com/' successfully

26-10-2024T14:04:50 - [MESSAGE][PASSED] - Navigate to 'https://katalon-demo-cura.herokuapp.com/' successfully

26-10-2024T14:04:50 - [TEST_STEP][PASSED] - click(findTestObject("Page_CURA Healthcare Service/a_Make Appointment")): Object: 'Object Repository/Page_CURA Healthcare Service/a_Make Appointment' is clicked on

26-10-2024T14:04:53 - [MESSAGE][PASSED] - Object: 'Object Repository/Page_CURA Healthcare Service/a_Make Appointment' is clicked on

26-10-2024T14:04:53 - [TEST_STEP][PASSED] - setText(findTestObject("Object Repository/Page_CURA Healthcare Service/input_Username_username"), strUserName): Text 'Riswan' is set on object 'Object Repository/Page_CURA Healthcare Service/input_Username_username'

26-10-2024T14:04:55 - [MESSAGE][PASSED] - Text 'Riswan' is set on object 'Object Repository/Page_CURA Healthcare Service/input_Username_username'

26-10-2024T14:04:55 - [TEST_STEP][PASSED] - setText(findTestObject("Object Repository/Page_CURA Healthcare Service/input_Password_password"), strPassword): Text 'ThisIsAPassword' is set on object 'Object Repository/Page_CURA Healthcare Service/input_Password_password'

26-10-2024T14:04:56 - [MESSAGE][PASSED] - Text 'ThisIsAPassword' is set on object 'Object Repository/Page_CURA Healthcare Service/input_Password_password'

26-10-2024T14:04:56 - [TEST_STEP][PASSED] - click(findTestObject("Object Repository/Page_CURA Healthcare Service/button_Login")): Object: 'Object Repository/Page_CURA Healthcare Service/button_Login' is clicked on

26-10-2024T14:04:57 - [MESSAGE][PASSED] - Object: 'Object Repository/Page_CURA Healthcare Service/button_Login' is clicked on

26-10-2024T14:04:57 - [TEST_STEP][PASSED] - boolElementExist = verifyElementVisible(findTestObject("Page_CURA Healthcare Service/p_Login failed Please ensure the username and password are valid")): Object 'Object Repository/Page_CURA Healthcare Service/p_Login failed Please ensure the username and password are valid' is visible

26-10-2024T14:04:58 - [MESSAGE][PASSED] - Object 'Object Repository/Page_CURA Healthcare Service/p_Login failed Please ensure the username and password are valid' is visible

26-10-2024T14:04:58 - [TEST_STEP][PASSED] - if (boolElementExist): null

26-10-2024T14:04:58 - [TEST_STEP][PASSED] - out.println("Login Negatif Passed - Login Failed"): null

26-10-2024T14:04:58 - [TEST_STEP][PASSED] - closeBrowser(): Browser is closed

26-10-2024T14:04:58 - [MESSAGE][PASSED] - Browser is closed]]></system-out>
         <system-err><![CDATA[]]></system-err>
      </testcase>
      <testcase name="Test Cases/SOAL AUTOMATION WEB/Login Negatif" time="16.582" classname="Test Cases/SOAL AUTOMATION WEB/Login Negatif" status="PASSED">
         <system-out><![CDATA[26-10-2024T14:04:58 - [TEST_CASE][PASSED] - Test Cases/SOAL AUTOMATION WEB/Login Negatif: Test Cases/SOAL AUTOMATION WEB/Login Negatif

26-10-2024T14:04:58 - [TEST_STEP][PASSED] - openBrowser(""): Browser is opened with url: ''

26-10-2024T14:04:58 - [MESSAGE][INFO] - Starting 'Chrome' driver

26-10-2024T14:04:58 - [MESSAGE][INFO] - Action delay is set to 0 milliseconds

26-10-2024T14:04:59 - [MESSAGE][PASSED] - Browser is opened with url: ''

26-10-2024T14:04:59 - [TEST_STEP][PASSED] - navigateToUrl("https://katalon-demo-cura.herokuapp.com/"): Navigate to 'https://katalon-demo-cura.herokuapp.com/' successfully

26-10-2024T14:05:09 - [MESSAGE][PASSED] - Navigate to 'https://katalon-demo-cura.herokuapp.com/' successfully

26-10-2024T14:05:09 - [TEST_STEP][PASSED] - click(findTestObject("Page_CURA Healthcare Service/a_Make Appointment")): Object: 'Object Repository/Page_CURA Healthcare Service/a_Make Appointment' is clicked on

26-10-2024T14:05:11 - [MESSAGE][PASSED] - Object: 'Object Repository/Page_CURA Healthcare Service/a_Make Appointment' is clicked on

26-10-2024T14:05:11 - [TEST_STEP][PASSED] - setText(findTestObject("Object Repository/Page_CURA Healthcare Service/input_Username_username"), strUserName): Text 'Ibrahim' is set on object 'Object Repository/Page_CURA Healthcare Service/input_Username_username'

26-10-2024T14:05:12 - [MESSAGE][PASSED] - Text 'Ibrahim' is set on object 'Object Repository/Page_CURA Healthcare Service/input_Username_username'

26-10-2024T14:05:12 - [TEST_STEP][PASSED] - setText(findTestObject("Object Repository/Page_CURA Healthcare Service/input_Password_password"), strPassword): Text 'NotPassword' is set on object 'Object Repository/Page_CURA Healthcare Service/input_Password_password'

26-10-2024T14:05:13 - [MESSAGE][PASSED] - Text 'NotPassword' is set on object 'Object Repository/Page_CURA Healthcare Service/input_Password_password'

26-10-2024T14:05:13 - [TEST_STEP][PASSED] - click(findTestObject("Object Repository/Page_CURA Healthcare Service/button_Login")): Object: 'Object Repository/Page_CURA Healthcare Service/button_Login' is clicked on

26-10-2024T14:05:14 - [MESSAGE][PASSED] - Object: 'Object Repository/Page_CURA Healthcare Service/button_Login' is clicked on

26-10-2024T14:05:14 - [TEST_STEP][PASSED] - boolElementExist = verifyElementVisible(findTestObject("Page_CURA Healthcare Service/p_Login failed Please ensure the username and password are valid")): Object 'Object Repository/Page_CURA Healthcare Service/p_Login failed Please ensure the username and password are valid' is visible

26-10-2024T14:05:15 - [MESSAGE][PASSED] - Object 'Object Repository/Page_CURA Healthcare Service/p_Login failed Please ensure the username and password are valid' is visible

26-10-2024T14:05:15 - [TEST_STEP][PASSED] - if (boolElementExist): null

26-10-2024T14:05:15 - [TEST_STEP][PASSED] - out.println("Login Negatif Passed - Login Failed"): null

26-10-2024T14:05:15 - [TEST_STEP][PASSED] - closeBrowser(): Browser is closed

26-10-2024T14:05:15 - [MESSAGE][PASSED] - Browser is closed]]></system-out>
         <system-err><![CDATA[]]></system-err>
      </testcase>
      <system-out><![CDATA[26-10-2024T14:04:28 - [TEST_SUITE][PASSED] - Test Suite Automation Login: Test Cases/SOAL AUTOMATION WEB/Login Negatif]]></system-out>
      <system-err><![CDATA[]]></system-err>
   </testsuite>
</testsuites>
