<?xml version="1.0" encoding="UTF-8"?>
<testsuites name="Data Driven Book Test Suite" time="53.308" tests="5" failures="0" errors="0">
   <testsuite name="Data Driven Book Test Suite" tests="5" failures="0" errors="0" time="53.308" skipped="0" timestamp="26-10-2024T13:59:12" hostname="Ukhty - DESKTOP-IENTL1E" id="Test Suites/SOAL AUTOMATION WEB/Data Driven Book Test Suite">
      <properties>
         <property name="deviceName" value=""/>
         <property name="devicePlatform"/>
         <property name="logFolder" value="C:\\Users\\Ukhty\\git\\automationTestWeb\\Reports\\20241026_135905\\SOAL AUTOMATION WEB\\Data Driven Book Test Suite\\20241026_135905"/>
         <property name="logFiles" value="C:\\Users\\Ukhty\\git\\automationTestWeb\\Reports\\20241026_135905\\SOAL AUTOMATION WEB\\Data Driven Book Test Suite\\20241026_135905\\execution0.log"/>
         <property name="attachments" value=""/>
         <property name="hostName" value="Ukhty - DESKTOP-IENTL1E"/>
         <property name="os" value="Windows 11 64bit"/>
         <property name="katalonVersion" value="9.7.2.223"/>
         <property name="browser" value="Chrome 130.0.0.0"/>
         <property name="hostAddress" value="50.50.50.71"/>
         <property name="sessionId" value="a4ec895e20dae306b140d5b470090f54"/>
         <property name="seleniumVersion" value="3.141.59"/>
         <property name="proxyInformation" value="ProxyInformation { proxyOption=NO_PROXY, proxyServerType=HTTP, username=, password=********, proxyServerAddress=, proxyServerPort=0, executionList=&quot;&quot;, isApplyToDesiredCapabilities=true }"/>
         <property name="platform" value="Windows 11"/>
      </properties>
      <testcase name="Test Cases/SOAL AUTOMATION WEB/Login Positif Not Close" time="12.29" classname="Test Cases/SOAL AUTOMATION WEB/Login Positif Not Close" status="PASSED">
         <system-out><![CDATA[26-10-2024T13:59:12 - [TEST_CASE][PASSED] - Test Cases/SOAL AUTOMATION WEB/Login Positif Not Close: Test Cases/SOAL AUTOMATION WEB/Login Positif Not Close

26-10-2024T13:59:12 - [TEST_STEP][PASSED] - openBrowser(""): Browser is opened with url: ''

26-10-2024T13:59:13 - [MESSAGE][INFO] - Starting 'Chrome' driver

26-10-2024T13:59:13 - [MESSAGE][INFO] - Action delay is set to 0 milliseconds

26-10-2024T13:59:15 - [MESSAGE][PASSED] - Browser is opened with url: ''

26-10-2024T13:59:15 - [TEST_STEP][PASSED] - navigateToUrl("https://katalon-demo-cura.herokuapp.com/"): Navigate to 'https://katalon-demo-cura.herokuapp.com/' successfully

26-10-2024T13:59:18 - [MESSAGE][PASSED] - Navigate to 'https://katalon-demo-cura.herokuapp.com/' successfully

26-10-2024T13:59:18 - [TEST_STEP][PASSED] - click(findTestObject("Page_CURA Healthcare Service/a_Make Appointment")): Object: 'Object Repository/Page_CURA Healthcare Service/a_Make Appointment' is clicked on

26-10-2024T13:59:20 - [MESSAGE][PASSED] - Object: 'Object Repository/Page_CURA Healthcare Service/a_Make Appointment' is clicked on

26-10-2024T13:59:20 - [TEST_STEP][PASSED] - setText(findTestObject("Object Repository/Page_CURA Healthcare Service/input_Username_username"), "John Doe"): Text 'John Doe' is set on object 'Object Repository/Page_CURA Healthcare Service/input_Username_username'

26-10-2024T13:59:21 - [MESSAGE][PASSED] - Text 'John Doe' is set on object 'Object Repository/Page_CURA Healthcare Service/input_Username_username'

26-10-2024T13:59:21 - [TEST_STEP][PASSED] - setEncryptedText(findTestObject("Object Repository/Page_CURA Healthcare Service/input_Password_password"), "g3/DOGG74jC3Flrr3yH+3D/yKbOqqUNM"): Text ****** has been set on object 'Object Repository/Page_CURA Healthcare Service/input_Password_password'

26-10-2024T13:59:22 - [MESSAGE][PASSED] - Text ****** has been set on object 'Object Repository/Page_CURA Healthcare Service/input_Password_password'

26-10-2024T13:59:22 - [TEST_STEP][PASSED] - click(findTestObject("Object Repository/Page_CURA Healthcare Service/button_Login")): Object: 'Object Repository/Page_CURA Healthcare Service/button_Login' is clicked on

26-10-2024T13:59:24 - [MESSAGE][PASSED] - Object: 'Object Repository/Page_CURA Healthcare Service/button_Login' is clicked on

26-10-2024T13:59:24 - [TEST_STEP][PASSED] - boolElementExist = verifyElementVisible(findTestObject("Page_CURA Healthcare Service/h2_Make Appointment")): Object 'Object Repository/Page_CURA Healthcare Service/h2_Make Appointment' is visible

26-10-2024T13:59:24 - [MESSAGE][PASSED] - Object 'Object Repository/Page_CURA Healthcare Service/h2_Make Appointment' is visible

26-10-2024T13:59:24 - [TEST_STEP][PASSED] - if (boolElementExist): null

26-10-2024T13:59:24 - [TEST_STEP][PASSED] - out.println("Element Exist and Visible"): null]]></system-out>
         <system-err><![CDATA[]]></system-err>
      </testcase>
      <testcase name="Test Cases/SOAL AUTOMATION WEB/Book Is Exist" time="12.275" classname="Test Cases/SOAL AUTOMATION WEB/Book Is Exist" status="PASSED">
         <system-out><![CDATA[26-10-2024T13:59:24 - [TEST_CASE][PASSED] - Test Cases/SOAL AUTOMATION WEB/Book Is Exist: Test Cases/SOAL AUTOMATION WEB/Book Is Exist

26-10-2024T13:59:25 - [TEST_STEP][PASSED] - webDriver = getWebDriver(): null

26-10-2024T13:59:25 - [TEST_STEP][PASSED] - strXpathGoToHome = "//*/text()[normalize-space(.)='Go to Homepage']/parent::*": null

26-10-2024T13:59:25 - [TEST_STEP][PASSED] - intSizeGoToHome = xpath(strXpathGoToHome)).size(): null

26-10-2024T13:59:25 - [TEST_STEP][PASSED] - if (intSizeGoToHome > 0): null

26-10-2024T13:59:25 - [TEST_STEP][PASSED] - selectOptionByValue(findTestObject("Object Repository/Page_CURA Healthcare Service/select_Tokyo CURA Healthcare Center                            Hongkong CURA Healthcare Center                            Seoul CURA Healthcare Center"), strFacility, false): All options with value 'Tokyo CURA Healthcare Center' are selected in object 'Object Repository/Page_CURA Healthcare Service/select_Tokyo CURA Healthcare Center                            Hongkong CURA Healthcare Center                            Seoul CURA Healthcare Center' 

26-10-2024T13:59:26 - [MESSAGE][PASSED] - All options with value 'Tokyo CURA Healthcare Center' are selected in object 'Object Repository/Page_CURA Healthcare Service/select_Tokyo CURA Healthcare Center                            Hongkong CURA Healthcare Center                            Seoul CURA Healthcare Center' 

26-10-2024T13:59:26 - [TEST_STEP][PASSED] - click(findTestObject("Object Repository/Page_CURA Healthcare Service/label_Apply for hospital readmission")): Object: 'Object Repository/Page_CURA Healthcare Service/label_Apply for hospital readmission' is clicked on

26-10-2024T13:59:27 - [MESSAGE][PASSED] - Object: 'Object Repository/Page_CURA Healthcare Service/label_Apply for hospital readmission' is clicked on

26-10-2024T13:59:27 - [TEST_STEP][PASSED] - strXpathHealthProgram = "//label[normalize-space()='#']": null

26-10-2024T13:59:27 - [TEST_STEP][PASSED] - eleHealthProgram = webDriver.findElement(By.xpath(strXpathHealthProgram.replace("#", strHealthProgram))): null

26-10-2024T13:59:27 - [TEST_STEP][PASSED] - eleHealthProgram.click(): null

26-10-2024T13:59:27 - [TEST_STEP][PASSED] - setText(findTestObject("Object Repository/Page_CURA Healthcare Service/input_Visit Date (Required)_visit_date"), strVisitDate): Text '26/10/2024' is set on object 'Object Repository/Page_CURA Healthcare Service/input_Visit Date (Required)_visit_date'

26-10-2024T13:59:28 - [MESSAGE][PASSED] - Text '26/10/2024' is set on object 'Object Repository/Page_CURA Healthcare Service/input_Visit Date (Required)_visit_date'

26-10-2024T13:59:28 - [TEST_STEP][PASSED] - setText(findTestObject("Object Repository/Page_CURA Healthcare Service/textarea_Comment_comment"), strComment): Text 'Test 1' is set on object 'Object Repository/Page_CURA Healthcare Service/textarea_Comment_comment'

26-10-2024T13:59:30 - [MESSAGE][PASSED] - Text 'Test 1' is set on object 'Object Repository/Page_CURA Healthcare Service/textarea_Comment_comment'

26-10-2024T13:59:30 - [TEST_STEP][PASSED] - click(findTestObject("Object Repository/Page_CURA Healthcare Service/button_Book Appointment")): Object: 'Object Repository/Page_CURA Healthcare Service/button_Book Appointment' is clicked on

26-10-2024T13:59:36 - [MESSAGE][PASSED] - Object: 'Object Repository/Page_CURA Healthcare Service/button_Book Appointment' is clicked on

26-10-2024T13:59:36 - [TEST_STEP][PASSED] - verifyElementPresent(findTestObject("Object Repository/Page_CURA Healthcare Service/h2_Appointment Confirmation"), 0): Object 'Object Repository/Page_CURA Healthcare Service/h2_Appointment Confirmation' is present

26-10-2024T13:59:36 - [MESSAGE][WARNING] - Timeout '0' is invalid. Using default page load timeout: '30'

26-10-2024T13:59:37 - [MESSAGE][PASSED] - Object 'Object Repository/Page_CURA Healthcare Service/h2_Appointment Confirmation' is present]]></system-out>
         <system-err><![CDATA[]]></system-err>
      </testcase>
      <testcase name="Test Cases/SOAL AUTOMATION WEB/Book Is Exist" time="11.807" classname="Test Cases/SOAL AUTOMATION WEB/Book Is Exist" status="PASSED">
         <system-out><![CDATA[26-10-2024T13:59:37 - [TEST_CASE][PASSED] - Test Cases/SOAL AUTOMATION WEB/Book Is Exist: Test Cases/SOAL AUTOMATION WEB/Book Is Exist

26-10-2024T13:59:37 - [TEST_STEP][PASSED] - webDriver = getWebDriver(): null

26-10-2024T13:59:37 - [TEST_STEP][PASSED] - strXpathGoToHome = "//*/text()[normalize-space(.)='Go to Homepage']/parent::*": null

26-10-2024T13:59:37 - [TEST_STEP][PASSED] - intSizeGoToHome = xpath(strXpathGoToHome)).size(): null

26-10-2024T13:59:37 - [TEST_STEP][PASSED] - if (intSizeGoToHome > 0): Object: 'Object Repository/Page_CURA Healthcare Service/a_Make Appointment' is clicked on

26-10-2024T13:59:37 - [TEST_STEP][PASSED] - click(findTestObject("Object Repository/Page_CURA Healthcare Service/a_Go to Homepage")): Object: 'Object Repository/Page_CURA Healthcare Service/a_Go to Homepage' is clicked on

26-10-2024T13:59:40 - [MESSAGE][PASSED] - Object: 'Object Repository/Page_CURA Healthcare Service/a_Go to Homepage' is clicked on

26-10-2024T13:59:40 - [TEST_STEP][PASSED] - click(findTestObject("Object Repository/Page_CURA Healthcare Service/a_Make Appointment")): Object: 'Object Repository/Page_CURA Healthcare Service/a_Make Appointment' is clicked on

26-10-2024T13:59:41 - [MESSAGE][PASSED] - Object: 'Object Repository/Page_CURA Healthcare Service/a_Make Appointment' is clicked on

26-10-2024T13:59:41 - [TEST_STEP][PASSED] - selectOptionByValue(findTestObject("Object Repository/Page_CURA Healthcare Service/select_Tokyo CURA Healthcare Center                            Hongkong CURA Healthcare Center                            Seoul CURA Healthcare Center"), strFacility, false): All options with value 'Hongkong CURA Healthcare Center' are selected in object 'Object Repository/Page_CURA Healthcare Service/select_Tokyo CURA Healthcare Center                            Hongkong CURA Healthcare Center                            Seoul CURA Healthcare Center' 

26-10-2024T13:59:42 - [MESSAGE][PASSED] - All options with value 'Hongkong CURA Healthcare Center' are selected in object 'Object Repository/Page_CURA Healthcare Service/select_Tokyo CURA Healthcare Center                            Hongkong CURA Healthcare Center                            Seoul CURA Healthcare Center' 

26-10-2024T13:59:42 - [TEST_STEP][PASSED] - click(findTestObject("Object Repository/Page_CURA Healthcare Service/label_Apply for hospital readmission")): Object: 'Object Repository/Page_CURA Healthcare Service/label_Apply for hospital readmission' is clicked on

26-10-2024T13:59:42 - [MESSAGE][PASSED] - Object: 'Object Repository/Page_CURA Healthcare Service/label_Apply for hospital readmission' is clicked on

26-10-2024T13:59:42 - [TEST_STEP][PASSED] - strXpathHealthProgram = "//label[normalize-space()='#']": null

26-10-2024T13:59:42 - [TEST_STEP][PASSED] - eleHealthProgram = webDriver.findElement(By.xpath(strXpathHealthProgram.replace("#", strHealthProgram))): null

26-10-2024T13:59:43 - [TEST_STEP][PASSED] - eleHealthProgram.click(): null

26-10-2024T13:59:43 - [TEST_STEP][PASSED] - setText(findTestObject("Object Repository/Page_CURA Healthcare Service/input_Visit Date (Required)_visit_date"), strVisitDate): Text '27/10/2024' is set on object 'Object Repository/Page_CURA Healthcare Service/input_Visit Date (Required)_visit_date'

26-10-2024T13:59:44 - [MESSAGE][PASSED] - Text '27/10/2024' is set on object 'Object Repository/Page_CURA Healthcare Service/input_Visit Date (Required)_visit_date'

26-10-2024T13:59:44 - [TEST_STEP][PASSED] - setText(findTestObject("Object Repository/Page_CURA Healthcare Service/textarea_Comment_comment"), strComment): Text 'Test 2' is set on object 'Object Repository/Page_CURA Healthcare Service/textarea_Comment_comment'

26-10-2024T13:59:45 - [MESSAGE][PASSED] - Text 'Test 2' is set on object 'Object Repository/Page_CURA Healthcare Service/textarea_Comment_comment'

26-10-2024T13:59:45 - [TEST_STEP][PASSED] - click(findTestObject("Object Repository/Page_CURA Healthcare Service/button_Book Appointment")): Object: 'Object Repository/Page_CURA Healthcare Service/button_Book Appointment' is clicked on

26-10-2024T13:59:48 - [MESSAGE][PASSED] - Object: 'Object Repository/Page_CURA Healthcare Service/button_Book Appointment' is clicked on

26-10-2024T13:59:48 - [TEST_STEP][PASSED] - verifyElementPresent(findTestObject("Object Repository/Page_CURA Healthcare Service/h2_Appointment Confirmation"), 0): Object 'Object Repository/Page_CURA Healthcare Service/h2_Appointment Confirmation' is present

26-10-2024T13:59:48 - [MESSAGE][WARNING] - Timeout '0' is invalid. Using default page load timeout: '30'

26-10-2024T13:59:49 - [MESSAGE][PASSED] - Object 'Object Repository/Page_CURA Healthcare Service/h2_Appointment Confirmation' is present]]></system-out>
         <system-err><![CDATA[]]></system-err>
      </testcase>
      <testcase name="Test Cases/SOAL AUTOMATION WEB/Book Is Exist" time="13.726" classname="Test Cases/SOAL AUTOMATION WEB/Book Is Exist" status="PASSED">
         <system-out><![CDATA[26-10-2024T13:59:49 - [TEST_CASE][PASSED] - Test Cases/SOAL AUTOMATION WEB/Book Is Exist: Test Cases/SOAL AUTOMATION WEB/Book Is Exist

26-10-2024T13:59:49 - [TEST_STEP][PASSED] - webDriver = getWebDriver(): null

26-10-2024T13:59:49 - [TEST_STEP][PASSED] - strXpathGoToHome = "//*/text()[normalize-space(.)='Go to Homepage']/parent::*": null

26-10-2024T13:59:49 - [TEST_STEP][PASSED] - intSizeGoToHome = xpath(strXpathGoToHome)).size(): null

26-10-2024T13:59:49 - [TEST_STEP][PASSED] - if (intSizeGoToHome > 0): Object: 'Object Repository/Page_CURA Healthcare Service/a_Make Appointment' is clicked on

26-10-2024T13:59:49 - [TEST_STEP][PASSED] - click(findTestObject("Object Repository/Page_CURA Healthcare Service/a_Go to Homepage")): Object: 'Object Repository/Page_CURA Healthcare Service/a_Go to Homepage' is clicked on

26-10-2024T13:59:55 - [MESSAGE][PASSED] - Object: 'Object Repository/Page_CURA Healthcare Service/a_Go to Homepage' is clicked on

26-10-2024T13:59:55 - [TEST_STEP][PASSED] - click(findTestObject("Object Repository/Page_CURA Healthcare Service/a_Make Appointment")): Object: 'Object Repository/Page_CURA Healthcare Service/a_Make Appointment' is clicked on

26-10-2024T13:59:56 - [MESSAGE][PASSED] - Object: 'Object Repository/Page_CURA Healthcare Service/a_Make Appointment' is clicked on

26-10-2024T13:59:56 - [TEST_STEP][PASSED] - selectOptionByValue(findTestObject("Object Repository/Page_CURA Healthcare Service/select_Tokyo CURA Healthcare Center                            Hongkong CURA Healthcare Center                            Seoul CURA Healthcare Center"), strFacility, false): All options with value 'Seoul CURA Healthcare Center' are selected in object 'Object Repository/Page_CURA Healthcare Service/select_Tokyo CURA Healthcare Center                            Hongkong CURA Healthcare Center                            Seoul CURA Healthcare Center' 

26-10-2024T13:59:57 - [MESSAGE][PASSED] - All options with value 'Seoul CURA Healthcare Center' are selected in object 'Object Repository/Page_CURA Healthcare Service/select_Tokyo CURA Healthcare Center                            Hongkong CURA Healthcare Center                            Seoul CURA Healthcare Center' 

26-10-2024T13:59:57 - [TEST_STEP][PASSED] - click(findTestObject("Object Repository/Page_CURA Healthcare Service/label_Apply for hospital readmission")): Object: 'Object Repository/Page_CURA Healthcare Service/label_Apply for hospital readmission' is clicked on

26-10-2024T13:59:57 - [MESSAGE][PASSED] - Object: 'Object Repository/Page_CURA Healthcare Service/label_Apply for hospital readmission' is clicked on

26-10-2024T13:59:57 - [TEST_STEP][PASSED] - strXpathHealthProgram = "//label[normalize-space()='#']": null

26-10-2024T13:59:57 - [TEST_STEP][PASSED] - eleHealthProgram = webDriver.findElement(By.xpath(strXpathHealthProgram.replace("#", strHealthProgram))): null

26-10-2024T13:59:58 - [TEST_STEP][PASSED] - eleHealthProgram.click(): null

26-10-2024T13:59:58 - [TEST_STEP][PASSED] - setText(findTestObject("Object Repository/Page_CURA Healthcare Service/input_Visit Date (Required)_visit_date"), strVisitDate): Text '28/10/2024' is set on object 'Object Repository/Page_CURA Healthcare Service/input_Visit Date (Required)_visit_date'

26-10-2024T13:59:59 - [MESSAGE][PASSED] - Text '28/10/2024' is set on object 'Object Repository/Page_CURA Healthcare Service/input_Visit Date (Required)_visit_date'

26-10-2024T13:59:59 - [TEST_STEP][PASSED] - setText(findTestObject("Object Repository/Page_CURA Healthcare Service/textarea_Comment_comment"), strComment): Text 'Test 3' is set on object 'Object Repository/Page_CURA Healthcare Service/textarea_Comment_comment'

26-10-2024T14:00:01 - [MESSAGE][PASSED] - Text 'Test 3' is set on object 'Object Repository/Page_CURA Healthcare Service/textarea_Comment_comment'

26-10-2024T14:00:01 - [TEST_STEP][PASSED] - click(findTestObject("Object Repository/Page_CURA Healthcare Service/button_Book Appointment")): Object: 'Object Repository/Page_CURA Healthcare Service/button_Book Appointment' is clicked on

26-10-2024T14:00:02 - [MESSAGE][PASSED] - Object: 'Object Repository/Page_CURA Healthcare Service/button_Book Appointment' is clicked on

26-10-2024T14:00:02 - [TEST_STEP][PASSED] - verifyElementPresent(findTestObject("Object Repository/Page_CURA Healthcare Service/h2_Appointment Confirmation"), 0): Object 'Object Repository/Page_CURA Healthcare Service/h2_Appointment Confirmation' is present

26-10-2024T14:00:02 - [MESSAGE][WARNING] - Timeout '0' is invalid. Using default page load timeout: '30'

26-10-2024T14:00:03 - [MESSAGE][PASSED] - Object 'Object Repository/Page_CURA Healthcare Service/h2_Appointment Confirmation' is present]]></system-out>
         <system-err><![CDATA[]]></system-err>
      </testcase>
      <testcase name="Test Cases/SOAL AUTOMATION WEB/Logout" time="2.24" classname="Test Cases/SOAL AUTOMATION WEB/Logout" status="PASSED">
         <system-out><![CDATA[26-10-2024T14:00:03 - [TEST_CASE][PASSED] - Test Cases/SOAL AUTOMATION WEB/Logout: Test Cases/SOAL AUTOMATION WEB/Logout

26-10-2024T14:00:03 - [TEST_STEP][PASSED] - click(findTestObject("Page_CURA Healthcare Service/a_CURA Healthcare_menu-toggle")): Object: 'Object Repository/Page_CURA Healthcare Service/a_CURA Healthcare_menu-toggle' is clicked on

26-10-2024T14:00:04 - [MESSAGE][PASSED] - Object: 'Object Repository/Page_CURA Healthcare Service/a_CURA Healthcare_menu-toggle' is clicked on

26-10-2024T14:00:04 - [TEST_STEP][PASSED] - click(findTestObject("Page_CURA Healthcare Service/a_Logout")): Object: 'Object Repository/Page_CURA Healthcare Service/a_Logout' is clicked on

26-10-2024T14:00:05 - [MESSAGE][PASSED] - Object: 'Object Repository/Page_CURA Healthcare Service/a_Logout' is clicked on]]></system-out>
         <system-err><![CDATA[]]></system-err>
      </testcase>
      <system-out><![CDATA[26-10-2024T13:59:12 - [TEST_SUITE][PASSED] - Data Driven Book Test Suite: Test Cases/SOAL AUTOMATION WEB/Logout]]></system-out>
      <system-err><![CDATA[]]></system-err>
   </testsuite>
</testsuites>
